#
# There is insufficient memory for the Java Runtime Environment to continue.
# Native memory allocation (mmap) failed to map 171966464 bytes for committing reserved memory.
# Possible reasons:
#   The system is out of physical RAM or swap space
#   In 32 bit mode, the process size limit was hit
# Possible solutions:
#   Reduce memory load on the system
#   Increase physical memory or swap space
#   Check if swap backing store is full
#   Use 64 bit Java on a 64 bit OS
#   Decrease Java heap size (-Xmx/-Xms)
#   Decrease number of Java threads
#   Decrease Java thread stack sizes (-Xss)
#   Set larger code cache with -XX:ReservedCodeCacheSize=
# This output file may be truncated or incomplete.
#
#  Out of Memory Error (os_linux.cpp:2627), pid=2090, tid=0x00007f652cc5a700
#
# JRE version: OpenJDK Runtime Environment (8.0_76-b03) (build 1.8.0_76-release-b03)
# Java VM: OpenJDK 64-Bit Server VM (25.76-b03 mixed mode linux-amd64 compressed oops)
# Failed to write core dump. Core dumps have been disabled. To enable core dumping, try "ulimit -c unlimited" before starting Java again
#

---------------  T H R E A D  ---------------

Current thread (0x00007f6540077800):  VMThread [stack: 0x00007f652cb5a000,0x00007f652cc5b000] [id=2106]

Stack: [0x00007f652cb5a000,0x00007f652cc5b000],  sp=0x00007f652cc594c0,  free space=1021k
Native frames: (J=compiled Java code, j=interpreted, Vv=VM code, C=native code)
V  [libjvm.so+0x9d9fcd]  VMError::report_and_die()+0x15d
V  [libjvm.so+0x4b4d4a]  report_vm_out_of_memory(char const*, int, unsigned long, VMErrorType, char const*)+0x8a
V  [libjvm.so+0x845190]  os::pd_commit_memory(char*, unsigned long, unsigned long, bool)+0xf0
V  [libjvm.so+0x83fcbf]  os::commit_memory(char*, unsigned long, unsigned long, bool)+0x1f
V  [libjvm.so+0x8b4d9b]  PSVirtualSpace::expand_by(unsigned long)+0x5b
V  [libjvm.so+0x8b5a10]  PSYoungGen::resize_generation(unsigned long, unsigned long)+0xb0
V  [libjvm.so+0x8b5d2b]  PSYoungGen::resize(unsigned long, unsigned long)+0x1b
V  [libjvm.so+0x8b241c]  PSScavenge::invoke_no_policy()+0xdac
V  [libjvm.so+0x8b2bf8]  PSScavenge::invoke()+0x38
V  [libjvm.so+0x8681f3]  ParallelScavengeHeap::failed_mem_allocate(unsigned long)+0x63
V  [libjvm.so+0x9dba94]  VM_ParallelGCFailedAllocation::doit()+0x84
V  [libjvm.so+0x9dfe47]  VM_Operation::evaluate()+0x47
V  [libjvm.so+0x9de908]  VMThread::evaluate_operation(VM_Operation*)+0x2c8
V  [libjvm.so+0x9ded89]  VMThread::loop()+0x219
V  [libjvm.so+0x9df1d2]  VMThread::run()+0x72
V  [libjvm.so+0x8425b2]  java_start(Thread*)+0xf2

VM_Operation (0x00007f654721ba10): ParallelGCFailedAllocation, mode: safepoint, requested by thread 0x00007f654000a000


---------------  P R O C E S S  ---------------

Java Threads: ( => current thread )
  0x00007f65400bf800 JavaThread "Service Thread" daemon [_thread_blocked, id=2122, stack(0x00007f652c453000,0x00007f652c554000)]
  0x00007f65400bd000 JavaThread "C1 CompilerThread2" daemon [_thread_blocked, id=2120, stack(0x00007f652c554000,0x00007f652c655000)]
  0x00007f65400bb000 JavaThread "C2 CompilerThread1" daemon [_thread_blocked, id=2119, stack(0x00007f652c655000,0x00007f652c756000)]
  0x00007f65400b8000 JavaThread "C2 CompilerThread0" daemon [_thread_blocked, id=2118, stack(0x00007f652c756000,0x00007f652c857000)]
  0x00007f65400b7000 JavaThread "Signal Dispatcher" daemon [_thread_blocked, id=2117, stack(0x00007f652c857000,0x00007f652c958000)]
  0x00007f6540083800 JavaThread "Finalizer" daemon [_thread_blocked, id=2108, stack(0x00007f652c958000,0x00007f652ca59000)]
  0x00007f654007f000 JavaThread "Reference Handler" daemon [_thread_blocked, id=2107, stack(0x00007f652ca59000,0x00007f652cb5a000)]
  0x00007f654000a000 JavaThread "main" [_thread_blocked, id=2094, stack(0x00007f654711d000,0x00007f654721e000)]

Other Threads:
=>0x00007f6540077800 VMThread [stack: 0x00007f652cb5a000,0x00007f652cc5b000] [id=2106]
  0x00007f65400c2000 WatcherThread [stack: 0x00007f652c352000,0x00007f652c453000] [id=2124]

VM state:at safepoint (normal execution)

VM Mutex/Monitor currently owned by a thread:  ([mutex/lock_event])
[0x00007f6540006640] Threads_lock - owner thread: 0x00007f6540077800
[0x00007f6540006b40] Heap_lock - owner thread: 0x00007f654000a000

Heap:
 PSYoungGen      total 132096K, used 5110K [0x00000000eab00000, 0x00000000f3100000, 0x0000000100000000)
  eden space 126976K, 0% used [0x00000000eab00000,0x00000000eab00000,0x00000000f2700000)
  from space 5120K, 99% used [0x00000000f2700000,0x00000000f2bfdb10,0x00000000f2c00000)
  to   space 5120K, 0% used [0x00000000f2c00000,0x00000000f2c00000,0x00000000f3100000)
 ParOldGen       total 84992K, used 42444K [0x00000000c0000000, 0x00000000c5300000, 0x00000000eab00000)
  object space 84992K, 49% used [0x00000000c0000000,0x00000000c2973308,0x00000000c5300000)
 Metaspace       used 6030K, capacity 7152K, committed 7296K, reserved 1056768K
  class space    used 556K, capacity 616K, committed 640K, reserved 1048576K

Card table byte_map: [0x00007f6544179000,0x00007f654437a000] byte_map_base: 0x00007f6543b79000

Marking Bits: (ParMarkBitMap*) 0x00007f65465eb1a0
 Begin Bits: [0x00007f652e83c000, 0x00007f652f83c000)
 End Bits:   [0x00007f652f83c000, 0x00007f653083c000)

Polling page: 0x00007f654723b000

CodeCache: size=245760Kb used=7736Kb max_used=7793Kb free=238023Kb
 bounds [0x00007f6531000000, 0x00007f65317b0000, 0x00007f6540000000]
 total_blobs=2026 nmethods=1763 adapters=178
 compilation: enabled

Compilation events (10 events):
Event: 7.998 Thread 0x00007f65400b8000 nmethod 1813 0x00007f6531747710 code [0x00007f6531747880, 0x00007f6531747b78]
Event: 7.998 Thread 0x00007f65400b8000 1701       4       java.util.ArrayList::remove (77 bytes)
Event: 8.005 Thread 0x00007f65400b8000 nmethod 1701 0x00007f6531749110 code [0x00007f6531749280, 0x00007f6531749618]
Event: 8.005 Thread 0x00007f65400b8000 1760       4       com.android.dx.rop.code.LocalVariableExtractor::processBlock (327 bytes)
Event: 8.027 Thread 0x00007f65400bd000 1828       2       com.android.dx.dex.file.AnnotationUtils::makeInnerClass (65 bytes)
Event: 8.027 Thread 0x00007f65400bd000 nmethod 1828 0x00007f6531748590 code [0x00007f6531748780, 0x00007f6531748c98]
Event: 8.140 Thread 0x00007f65400bb000 nmethod 1757 0x00007f6531785510 code [0x00007f6531786500, 0x00007f6531791a40]
Event: 8.140 Thread 0x00007f65400bb000 1829   !   4       com.android.dx.cf.code.BytecodeArray::parseInstruction (2764 bytes)
Event: 8.153 Thread 0x00007f65400bd000 1831       2       com.android.dx.rop.code.Rops::opMoveResultPseudo (23 bytes)
Event: 8.153 Thread 0x00007f65400bd000 nmethod 1831 0x00007f6531748110 code [0x00007f6531748280, 0x00007f6531748498]

GC Heap History (9 events):
Event: 3.223 GC heap before
{Heap before GC invocations=1 (full 0):
 PSYoungGen      total 36864K, used 31744K [0x00000000eab00000, 0x00000000ed400000, 0x0000000100000000)
  eden space 31744K, 100% used [0x00000000eab00000,0x00000000eca00000,0x00000000eca00000)
  from space 5120K, 0% used [0x00000000ecf00000,0x00000000ecf00000,0x00000000ed400000)
  to   space 5120K, 0% used [0x00000000eca00000,0x00000000eca00000,0x00000000ecf00000)
 ParOldGen       total 84992K, used 0K [0x00000000c0000000, 0x00000000c5300000, 0x00000000eab00000)
  object space 84992K, 0% used [0x00000000c0000000,0x00000000c0000000,0x00000000c5300000)
 Metaspace       used 5613K, capacity 6896K, committed 7040K, reserved 1056768K
  class space    used 534K, capacity 616K, committed 640K, reserved 1048576K
Event: 3.341 GC heap after
Heap after GC invocations=1 (full 0):
 PSYoungGen      total 36864K, used 5094K [0x00000000eab00000, 0x00000000ef300000, 0x0000000100000000)
  eden space 31744K, 0% used [0x00000000eab00000,0x00000000eab00000,0x00000000eca00000)
  from space 5120K, 99% used [0x00000000eca00000,0x00000000ecef9b80,0x00000000ecf00000)
  to   space 5120K, 0% used [0x00000000eee00000,0x00000000eee00000,0x00000000ef300000)
 ParOldGen       total 84992K, used 1259K [0x00000000c0000000, 0x00000000c5300000, 0x00000000eab00000)
  object space 84992K, 1% used [0x00000000c0000000,0x00000000c013ad80,0x00000000c5300000)
 Metaspace       used 5613K, capacity 6896K, committed 7040K, reserved 1056768K
  class space    used 534K, capacity 616K, committed 640K, reserved 1048576K
}
Event: 4.400 GC heap before
{Heap before GC invocations=2 (full 0):
 PSYoungGen      total 36864K, used 36838K [0x00000000eab00000, 0x00000000ef300000, 0x0000000100000000)
  eden space 31744K, 100% used [0x00000000eab00000,0x00000000eca00000,0x00000000eca00000)
  from space 5120K, 99% used [0x00000000eca00000,0x00000000ecef9b80,0x00000000ecf00000)
  to   space 5120K, 0% used [0x00000000eee00000,0x00000000eee00000,0x00000000ef300000)
 ParOldGen       total 84992K, used 1259K [0x00000000c0000000, 0x00000000c5300000, 0x00000000eab00000)
  object space 84992K, 1% used [0x00000000c0000000,0x00000000c013ad80,0x00000000c5300000)
 Metaspace       used 5856K, capacity 7024K, committed 7296K, reserved 1056768K
  class space    used 554K, capacity 616K, committed 640K, reserved 1048576K
Event: 4.455 GC heap after
Heap after GC invocations=2 (full 0):
 PSYoungGen      total 68608K, used 5106K [0x00000000eab00000, 0x00000000ef300000, 0x0000000100000000)
  eden space 63488K, 0% used [0x00000000eab00000,0x00000000eab00000,0x00000000ee900000)
  from space 5120K, 99% used [0x00000000eee00000,0x00000000ef2fc900,0x00000000ef300000)
  to   space 5120K, 0% used [0x00000000ee900000,0x00000000ee900000,0x00000000eee00000)
 ParOldGen       total 84992K, used 4864K [0x00000000c0000000, 0x00000000c5300000, 0x00000000eab00000)
  object space 84992K, 5% used [0x00000000c0000000,0x00000000c04c01a8,0x00000000c5300000)
 Metaspace       used 5856K, capacity 7024K, committed 7296K, reserved 1056768K
  class space    used 554K, capacity 616K, committed 640K, reserved 1048576K
}
Event: 5.583 GC heap before
{Heap before GC invocations=3 (full 0):
 PSYoungGen      total 68608K, used 68594K [0x00000000eab00000, 0x00000000ef300000, 0x0000000100000000)
  eden space 63488K, 100% used [0x00000000eab00000,0x00000000ee900000,0x00000000ee900000)
  from space 5120K, 99% used [0x00000000eee00000,0x00000000ef2fc900,0x00000000ef300000)
  to   space 5120K, 0% used [0x00000000ee900000,0x00000000ee900000,0x00000000eee00000)
 ParOldGen       total 84992K, used 4864K [0x00000000c0000000, 0x00000000c5300000, 0x00000000eab00000)
  object space 84992K, 5% used [0x00000000c0000000,0x00000000c04c01a8,0x00000000c5300000)
 Metaspace       used 5928K, capacity 7088K, committed 7296K, reserved 1056768K
  class space    used 555K, capacity 616K, committed 640K, reserved 1048576K
Event: 5.733 GC heap after
Heap after GC invocations=3 (full 0):
 PSYoungGen      total 68608K, used 5103K [0x00000000eab00000, 0x00000000f3100000, 0x0000000100000000)
  eden space 63488K, 0% used [0x00000000eab00000,0x00000000eab00000,0x00000000ee900000)
  from space 5120K, 99% used [0x00000000ee900000,0x00000000eedfbc98,0x00000000eee00000)
  to   space 5120K, 0% used [0x00000000f2c00000,0x00000000f2c00000,0x00000000f3100000)
 ParOldGen       total 84992K, used 14645K [0x00000000c0000000, 0x00000000c5300000, 0x00000000eab00000)
  object space 84992K, 17% used [0x00000000c0000000,0x00000000c0e4d440,0x00000000c5300000)
 Metaspace       used 5928K, capacity 7088K, committed 7296K, reserved 1056768K
  class space    used 555K, capacity 616K, committed 640K, reserved 1048576K
}
Event: 6.554 GC heap before
{Heap before GC invocations=4 (full 0):
 PSYoungGen      total 68608K, used 68591K [0x00000000eab00000, 0x00000000f3100000, 0x0000000100000000)
  eden space 63488K, 100% used [0x00000000eab00000,0x00000000ee900000,0x00000000ee900000)
  from space 5120K, 99% used [0x00000000ee900000,0x00000000eedfbc98,0x00000000eee00000)
  to   space 5120K, 0% used [0x00000000f2c00000,0x00000000f2c00000,0x00000000f3100000)
 ParOldGen       total 84992K, used 14645K [0x00000000c0000000, 0x00000000c5300000, 0x00000000eab00000)
  object space 84992K, 17% used [0x00000000c0000000,0x00000000c0e4d440,0x00000000c5300000)
 Metaspace       used 5944K, capacity 7088K, committed 7296K, reserved 1056768K
  class space    used 555K, capacity 616K, committed 640K, reserved 1048576K
Event: 6.623 GC heap after
Heap after GC invocations=4 (full 0):
 PSYoungGen      total 132096K, used 5089K [0x00000000eab00000, 0x00000000f3100000, 0x0000000100000000)
  eden space 126976K, 0% used [0x00000000eab00000,0x00000000eab00000,0x00000000f2700000)
  from space 5120K, 99% used [0x00000000f2c00000,0x00000000f30f8798,0x00000000f3100000)
  to   space 5120K, 0% used [0x00000000f2700000,0x00000000f2700000,0x00000000f2c00000)
 ParOldGen       total 84992K, used 23922K [0x00000000c0000000, 0x00000000c5300000, 0x00000000eab00000)
  object space 84992K, 28% used [0x00000000c0000000,0x00000000c175cad8,0x00000000c5300000)
 Metaspace       used 5944K, capacity 7088K, committed 7296K, reserved 1056768K
  class space    used 555K, capacity 616K, committed 640K, reserved 1048576K
}
Event: 8.218 GC heap before
{Heap before GC invocations=5 (full 0):
 PSYoungGen      total 132096K, used 132065K [0x00000000eab00000, 0x00000000f3100000, 0x0000000100000000)
  eden space 126976K, 100% used [0x00000000eab00000,0x00000000f2700000,0x00000000f2700000)
  from space 5120K, 99% used [0x00000000f2c00000,0x00000000f30f8798,0x00000000f3100000)
  to   space 5120K, 0% used [0x00000000f2700000,0x00000000f2700000,0x00000000f2c00000)
 ParOldGen       total 84992K, used 23922K [0x00000000c0000000, 0x00000000c5300000, 0x00000000eab00000)
  object space 84992K, 28% used [0x00000000c0000000,0x00000000c175cad8,0x00000000c5300000)
 Metaspace       used 6030K, capacity 7152K, committed 7296K, reserved 1056768K
  class space    used 556K, capacity 616K, committed 640K, reserved 1048576K

Deoptimization events (10 events):
Event: 6.386 Thread 0x00007f654000a000 Uncommon trap: reason=unstable_if action=reinterpret pc=0x00007f6531404804 method=com.android.dx.util.IntList.binarysearch(I)I @ 105
Event: 6.441 Thread 0x00007f654000a000 Uncommon trap: reason=unstable_if action=reinterpret pc=0x00007f6531300d60 method=com.android.dx.rop.code.LocalItem.hashCode()I @ 25
Event: 6.445 Thread 0x00007f654000a000 Uncommon trap: reason=bimorphic action=maybe_recompile pc=0x00007f653161f360 method=com.android.dx.cf.code.BytecodeArray.parseInstruction(ILcom/android/dx/cf/code/BytecodeArray$Visitor;)I @ 1501
Event: 6.446 Thread 0x00007f654000a000 Uncommon trap: reason=bimorphic action=maybe_recompile pc=0x00007f653161f360 method=com.android.dx.cf.code.BytecodeArray.parseInstruction(ILcom/android/dx/cf/code/BytecodeArray$Visitor;)I @ 1501
Event: 6.525 Thread 0x00007f654000a000 Uncommon trap: reason=unstable_if action=reinterpret pc=0x00007f653169bf84 method=java.util.HashMap.putVal(ILjava/lang/Object;Ljava/lang/Object;ZZ)Ljava/lang/Object; @ 109
Event: 6.892 Thread 0x00007f654000a000 Uncommon trap: reason=unstable_if action=reinterpret pc=0x00007f65315a8a60 method=com.android.dx.ssa.SCCP.simulateBranch(Lcom/android/dx/ssa/SsaInsn;)V @ 64
Event: 6.892 Thread 0x00007f654000a000 Uncommon trap: reason=unstable_if action=reinterpret pc=0x00007f65315e114c method=com.android.dx.ssa.LiteralOpUpgrader$1.visitNonMoveInsn(Lcom/android/dx/ssa/NormalSsaInsn;)V @ 55
Event: 6.893 Thread 0x00007f654000a000 Uncommon trap: reason=unstable_if action=reinterpret pc=0x00007f653145befc method=com.android.dx.ssa.SsaMethod.updateOneDefinition(Lcom/android/dx/ssa/SsaInsn;Lcom/android/dx/rop/code/RegisterSpec;)V @ 4
Event: 7.954 Thread 0x00007f654000a000 Uncommon trap: reason=bimorphic action=maybe_recompile pc=0x00007f6531620554 method=com.android.dx.cf.code.BytecodeArray.parseInstruction(ILcom/android/dx/cf/code/BytecodeArray$Visitor;)I @ 1287
Event: 7.955 Thread 0x00007f654000a000 Uncommon trap: reason=bimorphic action=maybe_recompile pc=0x00007f6531620554 method=com.android.dx.cf.code.BytecodeArray.parseInstruction(ILcom/android/dx/cf/code/BytecodeArray$Visitor;)I @ 1287

Internal exceptions (5 events):
Event: 0.111 Thread 0x00007f654000a000 Exception <a 'java/lang/NoSuchMethodError': Method sun.misc.Unsafe.defineClass(Ljava/lang/String;[BII)Ljava/lang/Class; name or signature does not match> (0x00000000eab07cc0) thrown at [/ssd/Android/AOSP-openjdk/external/jetbrains/jdk/hotspot/src/share/vm
Event: 0.111 Thread 0x00007f654000a000 Exception <a 'java/lang/NoSuchMethodError': Method sun.misc.Unsafe.prefetchRead(Ljava/lang/Object;J)V name or signature does not match> (0x00000000eab07fa8) thrown at [/ssd/Android/AOSP-openjdk/external/jetbrains/jdk/hotspot/src/share/vm/prims/jni.cpp, li
Event: 3.903 Thread 0x00007f654000a000 Exception <a 'java/lang/ArrayIndexOutOfBoundsException': 18> (0x00000000eba7ddf8) thrown at [/ssd/Android/AOSP-openjdk/external/jetbrains/jdk/hotspot/src/share/vm/interpreter/interpreterRuntime.cpp, line 366]
Event: 3.906 Thread 0x00007f654000a000 Exception <a 'java/lang/ArrayIndexOutOfBoundsException'> (0x00000000eba7f978) thrown at [/ssd/Android/AOSP-openjdk/external/jetbrains/jdk/hotspot/src/share/vm/runtime/sharedRuntime.cpp, line 605]
Event: 3.911 Thread 0x00007f654000a000 Exception <a 'java/lang/ArrayIndexOutOfBoundsException'> (0x00000000eba80c60) thrown at [/ssd/Android/AOSP-openjdk/external/jetbrains/jdk/hotspot/src/share/vm/runtime/sharedRuntime.cpp, line 605]

Events (10 events):
Event: 7.665 Thread 0x00007f654000a000 DEOPT UNPACKING pc=0x00007f6531047373 sp=0x00007f654721b640 mode 0
Event: 7.914 Thread 0x00007f654000a000 DEOPT PACKING pc=0x00007f653157fac1 sp=0x00007f654721bd60
Event: 7.914 Thread 0x00007f654000a000 DEOPT UNPACKING pc=0x00007f6531047373 sp=0x00007f654721bb00 mode 0
Event: 7.954 Thread 0x00007f654000a000 Uncommon trap: trap_request=0xffffffc6 fr.pc=0x00007f6531620554
Event: 7.954 Thread 0x00007f654000a000 DEOPT PACKING pc=0x00007f6531620554 sp=0x00007f654721ba40
Event: 7.955 Thread 0x00007f654000a000 DEOPT UNPACKING pc=0x00007f6531004f69 sp=0x00007f654721ba08 mode 2
Event: 7.955 Thread 0x00007f654000a000 Uncommon trap: trap_request=0xffffffc6 fr.pc=0x00007f6531620554
Event: 7.955 Thread 0x00007f654000a000 DEOPT PACKING pc=0x00007f6531620554 sp=0x00007f654721b890
Event: 7.955 Thread 0x00007f654000a000 DEOPT UNPACKING pc=0x00007f6531004f69 sp=0x00007f654721b858 mode 2
Event: 8.218 Executing VM operation: ParallelGCFailedAllocation


Dynamic libraries:
00400000-00401000 r-xp 00000000 08:06 5770646                            /usr/local/android-studio/jre/bin/java
00600000-00601000 r--p 00000000 08:06 5770646                            /usr/local/android-studio/jre/bin/java
00601000-00602000 rw-p 00001000 08:06 5770646                            /usr/local/android-studio/jre/bin/java
00e82000-00ea3000 rw-p 00000000 00:00 0                                  [heap]
c0000000-c5300000 rw-p 00000000 00:00 0 
c5300000-eab00000 ---p 00000000 00:00 0 
eab00000-f3100000 rw-p 00000000 00:00 0 
fd500000-100000000 ---p 00000000 00:00 0 
100000000-1000a0000 rw-p 00000000 00:00 0 
1000a0000-140000000 ---p 00000000 00:00 0 
7f64f4000000-7f64f4021000 rw-p 00000000 00:00 0 
7f64f4021000-7f64f8000000 ---p 00000000 00:00 0 
7f64f8000000-7f64f8021000 rw-p 00000000 00:00 0 
7f64f8021000-7f64fc000000 ---p 00000000 00:00 0 
7f64fc000000-7f64fd052000 rw-p 00000000 00:00 0 
7f64fd052000-7f6500000000 ---p 00000000 00:00 0 
7f6500000000-7f6500d05000 rw-p 00000000 00:00 0 
7f6500d05000-7f6504000000 ---p 00000000 00:00 0 
7f6504000000-7f6504021000 rw-p 00000000 00:00 0 
7f6504021000-7f6508000000 ---p 00000000 00:00 0 
7f6508000000-7f6508e89000 rw-p 00000000 00:00 0 
7f6508e89000-7f650c000000 ---p 00000000 00:00 0 
7f650c000000-7f650c021000 rw-p 00000000 00:00 0 
7f650c021000-7f6510000000 ---p 00000000 00:00 0 
7f6510000000-7f6510021000 rw-p 00000000 00:00 0 
7f6510021000-7f6514000000 ---p 00000000 00:00 0 
7f6517641000-7f6518000000 r--p 00000000 08:06 6298844                    /usr/lib/locale/locale-archive
7f6518000000-7f6518021000 rw-p 00000000 00:00 0 
7f6518021000-7f651c000000 ---p 00000000 00:00 0 
7f651c000000-7f651c27d000 rw-p 00000000 00:00 0 
7f651c27d000-7f6520000000 ---p 00000000 00:00 0 
7f6520000000-7f6520021000 rw-p 00000000 00:00 0 
7f6520021000-7f6524000000 ---p 00000000 00:00 0 
7f6524000000-7f6524021000 rw-p 00000000 00:00 0 
7f6524021000-7f6528000000 ---p 00000000 00:00 0 
7f6528000000-7f6528021000 rw-p 00000000 00:00 0 
7f6528021000-7f652c000000 ---p 00000000 00:00 0 
7f652c341000-7f652c352000 r--s 000aa000 08:06 6692522                    /home/gopa/AndroidStudioProjects/intro_android_demo-master/app/build/intermediates/exploded-aar/com.android.support/support-v4/21.0.3/jars/classes.jar
7f652c352000-7f652c353000 ---p 00000000 00:00 0 
7f652c353000-7f652c453000 rw-p 00000000 00:00 0 
7f652c453000-7f652c456000 ---p 00000000 00:00 0 
7f652c456000-7f652c554000 rw-p 00000000 00:00 0 
7f652c554000-7f652c557000 ---p 00000000 00:00 0 
7f652c557000-7f652c655000 rw-p 00000000 00:00 0 
7f652c655000-7f652c658000 ---p 00000000 00:00 0 
7f652c658000-7f652c756000 rw-p 00000000 00:00 0 
7f652c756000-7f652c759000 ---p 00000000 00:00 0 
7f652c759000-7f652c857000 rw-p 00000000 00:00 0 
7f652c857000-7f652c85a000 ---p 00000000 00:00 0 
7f652c85a000-7f652c958000 rw-p 00000000 00:00 0 
7f652c958000-7f652c95b000 ---p 00000000 00:00 0 
7f652c95b000-7f652ca59000 rw-p 00000000 00:00 0 
7f652ca59000-7f652ca5c000 ---p 00000000 00:00 0 
7f652ca5c000-7f652cb5a000 rw-p 00000000 00:00 0 
7f652cb5a000-7f652cb5b000 ---p 00000000 00:00 0 
7f652cb5b000-7f652dbf9000 rw-p 00000000 00:00 0 
7f652dbf9000-7f652ddc6000 r--s 03bec000 08:06 5770703                    /usr/local/android-studio/jre/jre/lib/rt.jar
7f652ddc6000-7f652e4bc000 rw-p 00000000 00:00 0 
7f652e4bc000-7f652e63c000 ---p 00000000 00:00 0 
7f652e63c000-7f653083c000 rw-p 00000000 00:00 0 
7f653083c000-7f653083d000 ---p 00000000 00:00 0 
7f653083d000-7f653093d000 rw-p 00000000 00:00 0 
7f653093d000-7f653093e000 ---p 00000000 00:00 0 
7f653093e000-7f6530a3e000 rw-p 00000000 00:00 0 
7f6530a3e000-7f6530a3f000 ---p 00000000 00:00 0 
7f6530a3f000-7f6530b3f000 rw-p 00000000 00:00 0 
7f6530b3f000-7f6530b40000 ---p 00000000 00:00 0 
7f6530b40000-7f6530c5f000 rw-p 00000000 00:00 0 
7f6530c5f000-7f6531000000 ---p 00000000 00:00 0 
7f6531000000-7f65317b0000 rwxp 00000000 00:00 0 
7f65317b0000-7f6540000000 ---p 00000000 00:00 0 
7f6540000000-7f6540379000 rw-p 00000000 00:00 0 
7f6540379000-7f6544000000 ---p 00000000 00:00 0 
7f6544002000-7f654404d000 rw-p 00000000 00:00 0 
7f654404d000-7f6544179000 ---p 00000000 00:00 0 
7f6544179000-7f65441a3000 rw-p 00000000 00:00 0 
7f65441a3000-7f65442ce000 ---p 00000000 00:00 0 
7f65442ce000-7f6544312000 rw-p 00000000 00:00 0 
7f6544312000-7f6544379000 ---p 00000000 00:00 0 
7f6544379000-7f654437a000 rw-p 00000000 00:00 0 
7f654437a000-7f6544394000 r-xp 00000000 08:06 5770730                    /usr/local/android-studio/jre/jre/lib/amd64/libzip.so
7f6544394000-7f6544594000 ---p 0001a000 08:06 5770730                    /usr/local/android-studio/jre/jre/lib/amd64/libzip.so
7f6544594000-7f6544595000 r--p 0001a000 08:06 5770730                    /usr/local/android-studio/jre/jre/lib/amd64/libzip.so
7f6544595000-7f6544596000 rw-p 0001b000 08:06 5770730                    /usr/local/android-studio/jre/jre/lib/amd64/libzip.so
7f6544596000-7f65445a1000 r-xp 00000000 08:06 3936757                    /lib/x86_64-linux-gnu/libnss_files-2.23.so
7f65445a1000-7f65447a0000 ---p 0000b000 08:06 3936757                    /lib/x86_64-linux-gnu/libnss_files-2.23.so
7f65447a0000-7f65447a1000 r--p 0000a000 08:06 3936757                    /lib/x86_64-linux-gnu/libnss_files-2.23.so
7f65447a1000-7f65447a2000 rw-p 0000b000 08:06 3936757                    /lib/x86_64-linux-gnu/libnss_files-2.23.so
7f65447a2000-7f65447a8000 rw-p 00000000 00:00 0 
7f65447a8000-7f65447b3000 r-xp 00000000 08:06 3932246                    /lib/x86_64-linux-gnu/libnss_nis-2.23.so
7f65447b3000-7f65449b2000 ---p 0000b000 08:06 3932246                    /lib/x86_64-linux-gnu/libnss_nis-2.23.so
7f65449b2000-7f65449b3000 r--p 0000a000 08:06 3932246                    /lib/x86_64-linux-gnu/libnss_nis-2.23.so
7f65449b3000-7f65449b4000 rw-p 0000b000 08:06 3932246                    /lib/x86_64-linux-gnu/libnss_nis-2.23.so
7f65449b4000-7f65449ca000 r-xp 00000000 08:06 3932257                    /lib/x86_64-linux-gnu/libnsl-2.23.so
7f65449ca000-7f6544bc9000 ---p 00016000 08:06 3932257                    /lib/x86_64-linux-gnu/libnsl-2.23.so
7f6544bc9000-7f6544bca000 r--p 00015000 08:06 3932257                    /lib/x86_64-linux-gnu/libnsl-2.23.so
7f6544bca000-7f6544bcb000 rw-p 00016000 08:06 3932257                    /lib/x86_64-linux-gnu/libnsl-2.23.so
7f6544bcb000-7f6544bcd000 rw-p 00000000 00:00 0 
7f6544bcd000-7f6544bd5000 r-xp 00000000 08:06 3932258                    /lib/x86_64-linux-gnu/libnss_compat-2.23.so
7f6544bd5000-7f6544dd4000 ---p 00008000 08:06 3932258                    /lib/x86_64-linux-gnu/libnss_compat-2.23.so
7f6544dd4000-7f6544dd5000 r--p 00007000 08:06 3932258                    /lib/x86_64-linux-gnu/libnss_compat-2.23.so
7f6544dd5000-7f6544dd6000 rw-p 00008000 08:06 3932258                    /lib/x86_64-linux-gnu/libnss_compat-2.23.so
7f6544dd6000-7f6544e03000 r-xp 00000000 08:06 5770740                    /usr/local/android-studio/jre/jre/lib/amd64/libjava.so
7f6544e03000-7f6545002000 ---p 0002d000 08:06 5770740                    /usr/local/android-studio/jre/jre/lib/amd64/libjava.so
7f6545002000-7f6545003000 r--p 0002c000 08:06 5770740                    /usr/local/android-studio/jre/jre/lib/amd64/libjava.so
7f6545003000-7f6545005000 rw-p 0002d000 08:06 5770740                    /usr/local/android-studio/jre/jre/lib/amd64/libjava.so
7f6545005000-7f6545015000 r-xp 00000000 08:06 5770756                    /usr/local/android-studio/jre/jre/lib/amd64/libverify.so
7f6545015000-7f6545214000 ---p 00010000 08:06 5770756                    /usr/local/android-studio/jre/jre/lib/amd64/libverify.so
7f6545214000-7f6545216000 r--p 0000f000 08:06 5770756                    /usr/local/android-studio/jre/jre/lib/amd64/libverify.so
7f6545216000-7f6545217000 rw-p 00011000 08:06 5770756                    /usr/local/android-studio/jre/jre/lib/amd64/libverify.so
7f6545217000-7f654521e000 r-xp 00000000 08:06 3932245                    /lib/x86_64-linux-gnu/librt-2.23.so
7f654521e000-7f654541d000 ---p 00007000 08:06 3932245                    /lib/x86_64-linux-gnu/librt-2.23.so
7f654541d000-7f654541e000 r--p 00006000 08:06 3932245                    /lib/x86_64-linux-gnu/librt-2.23.so
7f654541e000-7f654541f000 rw-p 00007000 08:06 3932245                    /lib/x86_64-linux-gnu/librt-2.23.so
7f654541f000-7f6545527000 r-xp 00000000 08:06 3932255                    /lib/x86_64-linux-gnu/libm-2.23.so
7f6545527000-7f6545726000 ---p 00108000 08:06 3932255                    /lib/x86_64-linux-gnu/libm-2.23.so
7f6545726000-7f6545727000 r--p 00107000 08:06 3932255                    /lib/x86_64-linux-gnu/libm-2.23.so
7f6545727000-7f6545728000 rw-p 00108000 08:06 3932255                    /lib/x86_64-linux-gnu/libm-2.23.so
7f6545728000-7f654630e000 r-xp 00000000 08:06 5770760                    /usr/local/android-studio/jre/jre/lib/amd64/server/libjvm.so
7f654630e000-7f654650e000 ---p 00be6000 08:06 5770760                    /usr/local/android-studio/jre/jre/lib/amd64/server/libjvm.so
7f654650e000-7f65465ad000 r--p 00be6000 08:06 5770760                    /usr/local/android-studio/jre/jre/lib/amd64/server/libjvm.so
7f65465ad000-7f65465d6000 rw-p 00c85000 08:06 5770760                    /usr/local/android-studio/jre/jre/lib/amd64/server/libjvm.so
7f65465d6000-7f6546618000 rw-p 00000000 00:00 0 
7f6546618000-7f6546630000 r-xp 00000000 08:06 3932256                    /lib/x86_64-linux-gnu/libpthread-2.23.so
7f6546630000-7f654682f000 ---p 00018000 08:06 3932256                    /lib/x86_64-linux-gnu/libpthread-2.23.so
7f654682f000-7f6546830000 r--p 00017000 08:06 3932256                    /lib/x86_64-linux-gnu/libpthread-2.23.so
7f6546830000-7f6546831000 rw-p 00018000 08:06 3932256                    /lib/x86_64-linux-gnu/libpthread-2.23.so
7f6546831000-7f6546835000 rw-p 00000000 00:00 0 
7f6546835000-7f6546838000 r-xp 00000000 08:06 3932249                    /lib/x86_64-linux-gnu/libdl-2.23.so
7f6546838000-7f6546a37000 ---p 00003000 08:06 3932249                    /lib/x86_64-linux-gnu/libdl-2.23.so
7f6546a37000-7f6546a38000 r--p 00002000 08:06 3932249                    /lib/x86_64-linux-gnu/libdl-2.23.so
7f6546a38000-7f6546a39000 rw-p 00003000 08:06 3932249                    /lib/x86_64-linux-gnu/libdl-2.23.so
7f6546a39000-7f6546bf8000 r-xp 00000000 08:06 3932250                    /lib/x86_64-linux-gnu/libc-2.23.so
7f6546bf8000-7f6546df8000 ---p 001bf000 08:06 3932250                    /lib/x86_64-linux-gnu/libc-2.23.so
7f6546df8000-7f6546dfc000 r--p 001bf000 08:06 3932250                    /lib/x86_64-linux-gnu/libc-2.23.so
7f6546dfc000-7f6546dfe000 rw-p 001c3000 08:06 3932250                    /lib/x86_64-linux-gnu/libc-2.23.so
7f6546dfe000-7f6546e02000 rw-p 00000000 00:00 0 
7f6546e02000-7f6546e18000 r-xp 00000000 08:06 5770620                    /usr/local/android-studio/jre/lib/amd64/jli/libjli.so
7f6546e18000-7f6547017000 ---p 00016000 08:06 5770620                    /usr/local/android-studio/jre/lib/amd64/jli/libjli.so
7f6547017000-7f6547018000 r--p 00015000 08:06 5770620                    /usr/local/android-studio/jre/lib/amd64/jli/libjli.so
7f6547018000-7f6547019000 rw-p 00016000 08:06 5770620                    /usr/local/android-studio/jre/lib/amd64/jli/libjli.so
7f6547019000-7f654703f000 r-xp 00000000 08:06 3932165                    /lib/x86_64-linux-gnu/ld-2.23.so
7f6547044000-7f654711d000 rw-p 00000000 00:00 0 
7f654711d000-7f6547120000 ---p 00000000 00:00 0 
7f6547120000-7f6547222000 rw-p 00000000 00:00 0 
7f6547223000-7f6547232000 r--s 000dd000 08:06 6954955                    /home/gopa/Android/Sdk/build-tools/21.1.2/lib/dx.jar
7f6547232000-7f654723a000 rw-s 00000000 08:06 6562788                    /tmp/hsperfdata_gopa/2090
7f654723a000-7f654723b000 rw-p 00000000 00:00 0 
7f654723b000-7f654723c000 ---p 00000000 00:00 0 
7f654723c000-7f654723e000 rw-p 00000000 00:00 0 
7f654723e000-7f654723f000 r--p 00025000 08:06 3932165                    /lib/x86_64-linux-gnu/ld-2.23.so
7f654723f000-7f6547240000 rw-p 00026000 08:06 3932165                    /lib/x86_64-linux-gnu/ld-2.23.so
7f6547240000-7f6547241000 rw-p 00000000 00:00 0 
7fff70967000-7fff70988000 rw-p 00000000 00:00 0                          [stack]
7fff709d2000-7fff709d4000 r--p 00000000 00:00 0                          [vvar]
7fff709d4000-7fff709d6000 r-xp 00000000 00:00 0                          [vdso]
ffffffffff600000-ffffffffff601000 r-xp 00000000 00:00 0                  [vsyscall]

VM Arguments:
jvm_args: -Djava.awt.headless=true -Xmx1024M -Dfile.encoding=UTF-8 -Duser.country=US -Duser.language=en -Duser.variant 
java_command: com.android.dx.command.Main --dex --force-jumbo --multi-dex --output /home/gopa/AndroidStudioProjects/intro_android_demo-master/app/build/intermediates/transforms/dex/debug/folders/1000/10/com.android.support-support-v4-21.0.3_f09766e16cc8e504f41eab121c1bb6a372feaa03 /home/gopa/AndroidStudioProjects/intro_android_demo-master/app/build/intermediates/exploded-aar/com.android.support/support-v4/21.0.3/jars/classes.jar
java_class_path (initial): /home/gopa/Android/Sdk/build-tools/21.1.2/lib/dx.jar
Launcher Type: SUN_STANDARD

Environment Variables:
PATH=/home/gopa/bin:/home/gopa/.local/bin:/usr/local/sbin:/usr/local/bin:/usr/sbin:/usr/bin:/sbin:/bin:/usr/games:/usr/local/games:/snap/bin
LD_LIBRARY_PATH=.:
SHELL=/bin/bash
DISPLAY=:0

Signal Handlers:
SIGSEGV: [libjvm.so+0x9daac0], sa_mask[0]=11111111011111111101111111111110, sa_flags=SA_RESTART|SA_SIGINFO
SIGBUS: [libjvm.so+0x9daac0], sa_mask[0]=11111111011111111101111111111110, sa_flags=SA_RESTART|SA_SIGINFO
SIGFPE: [libjvm.so+0x840d90], sa_mask[0]=11111111011111111101111111111110, sa_flags=SA_RESTART|SA_SIGINFO
SIGPIPE: [libjvm.so+0x840d90], sa_mask[0]=11111111011111111101111111111110, sa_flags=SA_RESTART|SA_SIGINFO
SIGXFSZ: [libjvm.so+0x840d90], sa_mask[0]=11111111011111111101111111111110, sa_flags=SA_RESTART|SA_SIGINFO
SIGILL: [libjvm.so+0x840d90], sa_mask[0]=11111111011111111101111111111110, sa_flags=SA_RESTART|SA_SIGINFO
SIGUSR1: SIG_DFL, sa_mask[0]=00000000000000000000000000000000, sa_flags=none
SIGUSR2: [libjvm.so+0x840c60], sa_mask[0]=00100000000000000000000000000000, sa_flags=SA_RESTART|SA_SIGINFO
SIGHUP: [libjvm.so+0x840e50], sa_mask[0]=11111111011111111101111111111110, sa_flags=SA_RESTART|SA_SIGINFO
SIGINT: [libjvm.so+0x840e50], sa_mask[0]=11111111011111111101111111111110, sa_flags=SA_RESTART|SA_SIGINFO
SIGTERM: [libjvm.so+0x840e50], sa_mask[0]=11111111011111111101111111111110, sa_flags=SA_RESTART|SA_SIGINFO
SIGQUIT: [libjvm.so+0x840e50], sa_mask[0]=11111111011111111101111111111110, sa_flags=SA_RESTART|SA_SIGINFO


---------------  S Y S T E M  ---------------

OS:DISTRIB_ID=Ubuntu
DISTRIB_RELEASE=16.04
DISTRIB_CODENAME=xenial
DISTRIB_DESCRIPTION="Ubuntu 16.04.1 LTS"

uname:Linux 4.4.0-53-generic #74-Ubuntu SMP Fri Dec 2 15:59:10 UTC 2016 x86_64
libc:glibc 2.23 NPTL 2.23 
rlimit: STACK 8192k, CORE 0k, NPROC 30994, NOFILE 65536, AS infinity
load average:46.33 43.65 24.22

/proc/meminfo:
MemTotal:        8031324 kB
MemFree:          168540 kB
MemAvailable:      96252 kB
Buffers:            1712 kB
Cached:          1444140 kB
SwapCached:         8964 kB
Active:          6170124 kB
Inactive:        1415256 kB
Active(anon):    6127964 kB
Inactive(anon):  1378512 kB
Active(file):      42160 kB
Inactive(file):    36744 kB
Unevictable:        2704 kB
Mlocked:            2704 kB
SwapTotal:       1999868 kB
SwapFree:             20 kB
Dirty:              1020 kB
Writeback:             0 kB
AnonPages:       6134256 kB
Mapped:           286168 kB
Shmem:           1366640 kB
Slab:             113896 kB
SReclaimable:      56836 kB
SUnreclaim:        57060 kB
KernelStack:       14800 kB
PageTables:        68656 kB
NFS_Unstable:          0 kB
Bounce:                0 kB
WritebackTmp:          0 kB
CommitLimit:     6015528 kB
Committed_AS:   15078168 kB
VmallocTotal:   34359738367 kB
VmallocUsed:           0 kB
VmallocChunk:          0 kB
HardwareCorrupted:     0 kB
AnonHugePages:   2955264 kB
CmaTotal:              0 kB
CmaFree:               0 kB
HugePages_Total:       0
HugePages_Free:        0
HugePages_Rsvd:        0
HugePages_Surp:        0
Hugepagesize:       2048 kB
DirectMap4k:      215248 kB
DirectMap2M:     8030208 kB
DirectMap1G:           0 kB


CPU:total 4 (2 cores per cpu, 2 threads per core) family 6 model 78 stepping 3, cmov, cx8, fxsr, mmx, sse, sse2, sse3, ssse3, sse4.1, sse4.2, popcnt, avx, avx2, aes, clmul, erms, 3dnowpref, lzcnt, ht, tsc, tscinvbit, bmi1, bmi2, adx

/proc/cpuinfo:
processor	: 0
vendor_id	: GenuineIntel
cpu family	: 6
model		: 78
model name	: Intel(R) Core(TM) i7-6500U CPU @ 2.50GHz
stepping	: 3
microcode	: 0x49
cpu MHz		: 2661.546
cache size	: 4096 KB
physical id	: 0
siblings	: 4
core id		: 0
cpu cores	: 2
apicid		: 0
initial apicid	: 0
fpu		: yes
fpu_exception	: yes
cpuid level	: 22
wp		: yes
flags		: fpu vme de pse tsc msr pae mce cx8 apic sep mtrr pge mca cmov pat pse36 clflush dts acpi mmx fxsr sse sse2 ss ht tm pbe syscall nx pdpe1gb rdtscp lm constant_tsc art arch_perfmon pebs bts rep_good nopl xtopology nonstop_tsc aperfmperf eagerfpu pni pclmulqdq dtes64 monitor ds_cpl vmx est tm2 ssse3 sdbg fma cx16 xtpr pdcm pcid sse4_1 sse4_2 x2apic movbe popcnt tsc_deadline_timer aes xsave avx f16c rdrand lahf_lm abm 3dnowprefetch epb intel_pt tpr_shadow vnmi flexpriority ept vpid fsgsbase tsc_adjust bmi1 avx2 smep bmi2 erms invpcid mpx rdseed adx smap clflushopt xsaveopt xsavec xgetbv1 dtherm ida arat pln pts hwp hwp_notify hwp_act_window hwp_epp
bugs		:
bogomips	: 5183.92
clflush size	: 64
cache_alignment	: 64
address sizes	: 39 bits physical, 48 bits virtual
power management:

processor	: 1
vendor_id	: GenuineIntel
cpu family	: 6
model		: 78
model name	: Intel(R) Core(TM) i7-6500U CPU @ 2.50GHz
stepping	: 3
microcode	: 0x49
cpu MHz		: 2661.546
cache size	: 4096 KB
physical id	: 0
siblings	: 4
core id		: 1
cpu cores	: 2
apicid		: 2
initial apicid	: 2
fpu		: yes
fpu_exception	: yes
cpuid level	: 22
wp		: yes
flags		: fpu vme de pse tsc msr pae mce cx8 apic sep mtrr pge mca cmov pat pse36 clflush dts acpi mmx fxsr sse sse2 ss ht tm pbe syscall nx pdpe1gb rdtscp lm constant_tsc art arch_perfmon pebs bts rep_good nopl xtopology nonstop_tsc aperfmperf eagerfpu pni pclmulqdq dtes64 monitor ds_cpl vmx est tm2 ssse3 sdbg fma cx16 xtpr pdcm pcid sse4_1 sse4_2 x2apic movbe popcnt tsc_deadline_timer aes xsave avx f16c rdrand lahf_lm abm 3dnowprefetch epb intel_pt tpr_shadow vnmi flexpriority ept vpid fsgsbase tsc_adjust bmi1 avx2 smep bmi2 erms invpcid mpx rdseed adx smap clflushopt xsaveopt xsavec xgetbv1 dtherm ida arat pln pts hwp hwp_notify hwp_act_window hwp_epp
bugs		:
bogomips	: 5183.92
clflush size	: 64
cache_alignment	: 64
address sizes	: 39 bits physical, 48 bits virtual
power management:

processor	: 2
vendor_id	: GenuineIntel
cpu family	: 6
model		: 78
model name	: Intel(R) Core(TM) i7-6500U CPU @ 2.50GHz
stepping	: 3
microcode	: 0x49
cpu MHz		: 2661.546
cache size	: 4096 KB
physical id	: 0
siblings	: 4
core id		: 0
cpu cores	: 2
apicid		: 1
initial apicid	: 1
fpu		: yes
fpu_exception	: yes
cpuid level	: 22
wp		: yes
flags		: fpu vme de pse tsc msr pae mce cx8 apic sep mtrr pge mca cmov pat pse36 clflush dts acpi mmx fxsr sse sse2 ss ht tm pbe syscall nx pdpe1gb rdtscp lm constant_tsc art arch_perfmon pebs bts rep_good nopl xtopology nonstop_tsc aperfmperf eagerfpu pni pclmulqdq dtes64 monitor ds_cpl vmx est tm2 ssse3 sdbg fma cx16 xtpr pdcm pcid sse4_1 sse4_2 x2apic movbe popcnt tsc_deadline_timer aes xsave avx f16c rdrand lahf_lm abm 3dnowprefetch epb intel_pt tpr_shadow vnmi flexpriority ept vpid fsgsbase tsc_adjust bmi1 avx2 smep bmi2 erms invpcid mpx rdseed adx smap clflushopt xsaveopt xsavec xgetbv1 dtherm ida arat pln pts hwp hwp_notify hwp_act_window hwp_epp
bugs		:
bogomips	: 5183.92
clflush size	: 64
cache_alignment	: 64
address sizes	: 39 bits physical, 48 bits virtual
power management:

processor	: 3
vendor_id	: GenuineIntel
cpu family	: 6
model		: 78
model name	: Intel(R) Core(TM) i7-6500U CPU @ 2.50GHz
stepping	: 3
microcode	: 0x49
cpu MHz		: 2661.546
cache size	: 4096 KB
physical id	: 0
siblings	: 4
core id		: 1
cpu cores	: 2
apicid		: 3
initial apicid	: 3
fpu		: yes
fpu_exception	: yes
cpuid level	: 22
wp		: yes
flags		: fpu vme de pse tsc msr pae mce cx8 apic sep mtrr pge mca cmov pat pse36 clflush dts acpi mmx fxsr sse sse2 ss ht tm pbe syscall nx pdpe1gb rdtscp lm constant_tsc art arch_perfmon pebs bts rep_good nopl xtopology nonstop_tsc aperfmperf eagerfpu pni pclmulqdq dtes64 monitor ds_cpl vmx est tm2 ssse3 sdbg fma cx16 xtpr pdcm pcid sse4_1 sse4_2 x2apic movbe popcnt tsc_deadline_timer aes xsave avx f16c rdrand lahf_lm abm 3dnowprefetch epb intel_pt tpr_shadow vnmi flexpriority ept vpid fsgsbase tsc_adjust bmi1 avx2 smep bmi2 erms invpcid mpx rdseed adx smap clflushopt xsaveopt xsavec xgetbv1 dtherm ida arat pln pts hwp hwp_notify hwp_act_window hwp_epp
bugs		:
bogomips	: 5183.92
clflush size	: 64
cache_alignment	: 64
address sizes	: 39 bits physical, 48 bits virtual
power management:



Memory: 4k page, physical 8031324k(168540k free), swap 1999868k(20k free)

vm_info: OpenJDK 64-Bit Server VM (25.76-b03) for linux-amd64 JRE (1.8.0_76-release-b03), built on Jun 29 2016 09:39:19 by "builder" with gcc 4.8.4

time: Sun Dec 11 00:31:13 2016
elapsed time: 8 seconds (0d 0h 0m 8s)

